<?xml version="1.0" encoding="UTF-8"?>
<!-- Generated by org.testng.reporters.JUnitReportReporter -->
<testsuite hostname="DESKTOP-TH331TO" failures="0" tests="5" name="com.saucedemo.testscripts.TestRunner" time="32.484" errors="0" timestamp="2023-04-29T08:52:06 PDT" skipped="0">
  <testcase classname="com.saucedemo.testscripts.TestRunner" name="runScenario" time="7.827"/>
  <system-out/>
  <testcase classname="com.saucedemo.testscripts.TestRunner" name="runScenario" time="7.026"/>
  <system-out/>
  <testcase classname="com.saucedemo.testscripts.TestRunner" name="runScenario" time="4.904"/>
  <system-out/>
  <testcase classname="com.saucedemo.testscripts.TestRunner" name="runScenario" time="6.248"/>
  <system-out/>
  <testcase classname="com.saucedemo.testscripts.TestRunner" name="runScenario" time="6.479"/>
  <system-out/>
</testsuite> <!-- com.saucedemo.testscripts.TestRunner -->
