<?xml version="1.0" encoding="UTF-8"?>
<!-- Generated by org.testng.reporters.JUnitReportReporter -->
<testsuite hostname="DESKTOP-TH331TO" failures="0" tests="5" name="com.saucedemo.testscripts.TestRunner" time="46.853" errors="0" timestamp="2023-04-24T03:34:23 PDT" skipped="0">
  <testcase classname="com.saucedemo.testscripts.TestRunner" name="runScenario" time="7.851"/>
  <system-out/>
  <testcase classname="com.saucedemo.testscripts.TestRunner" name="runScenario" time="16.246"/>
  <system-out/>
  <testcase classname="com.saucedemo.testscripts.TestRunner" name="runScenario" time="8.309"/>
  <system-out/>
  <testcase classname="com.saucedemo.testscripts.TestRunner" name="runScenario" time="6.867"/>
  <system-out/>
  <testcase classname="com.saucedemo.testscripts.TestRunner" name="runScenario" time="7.580"/>
  <system-out/>
</testsuite> <!-- com.saucedemo.testscripts.TestRunner -->
