<?xml version="1.0" encoding="UTF-8"?>
<!-- Generated by org.testng.reporters.JUnitReportReporter -->
<testsuite hostname="DESKTOP-TH331TO" failures="0" tests="1" name="com.saucedeme.testscripts.Scenario1Test" time="7.016" errors="0" timestamp="2023-04-20T13:07:42 PDT" skipped="0">
  <testcase classname="com.saucedeme.testscripts.Scenario1Test" name="buyProducts" time="7.016"/>
  <system-out/>
</testsuite> <!-- com.saucedeme.testscripts.Scenario1Test -->
