<?xml version="1.0" encoding="UTF-8"?>
<!-- Generated by org.testng.reporters.JUnitReportReporter -->
<testsuite hostname="DESKTOP-TH331TO" failures="0" tests="1" name="com.saucedeme.testscripts.Scenario2Test" time="0.767" errors="0" timestamp="2023-04-20T13:07:42 PDT" skipped="0">
  <testcase classname="com.saucedeme.testscripts.Scenario2Test" name="VerifyUserName" time="0.767"/>
  <system-out/>
</testsuite> <!-- com.saucedeme.testscripts.Scenario2Test -->
