<?xml version="1.0" encoding="UTF-8"?>
<!-- Generated by org.testng.reporters.JUnitReportReporter -->
<testsuite hostname="DESKTOP-TH331TO" failures="0" tests="1" name="com.saucedeme.testscripts.Scenario1Test" time="4.488" errors="0" timestamp="2023-04-29T08:13:08 PDT" skipped="0">
  <testcase classname="com.saucedeme.testscripts.Scenario1Test" name="buyProducts" time="4.488"/>
  <system-out/>
</testsuite> <!-- com.saucedeme.testscripts.Scenario1Test -->
