<?xml version="1.0" encoding="UTF-8"?>
<!-- Generated by org.testng.reporters.JUnitReportReporter -->
<testsuite hostname="DESKTOP-TH331TO" failures="0" tests="1" name="com.saucedeme.testscripts.Scenario5Test" time="1.253" errors="0" timestamp="2023-04-29T08:24:09 PDT" skipped="0">
  <testcase classname="com.saucedeme.testscripts.Scenario5Test" name="SuccessMsg" time="1.253"/>
  <system-out/>
</testsuite> <!-- com.saucedeme.testscripts.Scenario5Test -->
