<?xml version="1.0" encoding="UTF-8"?>
<!-- Generated by org.testng.reporters.JUnitReportReporter -->
<testsuite hostname="DESKTOP-TH331TO" failures="0" tests="1" name="demo.GoRest" time="5.775" errors="0" timestamp="2023-04-26T04:38:29 PDT" skipped="0">
  <testcase classname="demo.GoRest" name="goRest" time="5.775"/>
  <system-out/>
</testsuite> <!-- demo.GoRest -->
