<?xml version="1.0" encoding="UTF-8"?>
<!-- Generated by org.testng.reporters.JUnitReportReporter -->
<testsuite hostname="DESKTOP-TH331TO" failures="0" tests="1" name="demo.GoRest" time="6.830" errors="0" timestamp="2023-05-08T03:48:26 PDT" skipped="0">
  <testcase classname="demo.GoRest" name="goRest" time="6.830"/>
  <system-out/>
</testsuite> <!-- demo.GoRest -->
